

Started GET "/" for 10.0.2.2 at 2014-11-09 03:38:49 +0000
Processing by Rails::WelcomeController#index as HTML
  Rendered /usr/lib/ruby/gems/2.1.0/gems/railties-4.0.0/lib/rails/templates/rails/welcome/index.html.erb (2.7ms)
Completed 200 OK in 33ms (Views: 13.8ms | ActiveRecord: 0.0ms)


Started GET "/" for 10.0.2.2 at 2014-11-10 17:02:46 +0000
Processing by Rails::WelcomeController#index as HTML
  Rendered /usr/lib/ruby/gems/2.1.0/gems/railties-4.0.0/lib/rails/templates/rails/welcome/index.html.erb (1.8ms)
Completed 200 OK in 38ms (Views: 15.2ms | ActiveRecord: 0.0ms)
  [1m[36m (13.3ms)[0m  [1mCREATE TABLE "schema_migrations" ("version" varchar(255) NOT NULL) [0m
  [1m[35m (2.9ms)[0m  CREATE UNIQUE INDEX "unique_schema_migrations" ON "schema_migrations" ("version")
  [1m[36mActiveRecord::SchemaMigration Load (0.1ms)[0m  [1mSELECT "schema_migrations".* FROM "schema_migrations"[0m
  [1m[36mActiveRecord::SchemaMigration Load (0.1ms)[0m  [1mSELECT "schema_migrations".* FROM "schema_migrations"[0m
  [1m[36m (12.3ms)[0m  [1mCREATE TABLE "schema_migrations" ("version" varchar(255) NOT NULL) [0m
  [1m[35m (2.0ms)[0m  CREATE UNIQUE INDEX "unique_schema_migrations" ON "schema_migrations" ("version")
  [1m[36m (0.1ms)[0m  [1mSELECT version FROM "schema_migrations"[0m
  [1m[35m (1.6ms)[0m  INSERT INTO "schema_migrations" (version) VALUES ('0')
  [1m[36m (5.3ms)[0m  [1mCREATE TABLE `schema_migrations` (`version` varchar(255) NOT NULL) ENGINE=InnoDB[0m
  [1m[35m (4.9ms)[0m  CREATE UNIQUE INDEX `unique_schema_migrations` ON `schema_migrations` (`version`) 
  [1m[36m (0.2ms)[0m  [1mSELECT version FROM `schema_migrations`[0m
  [1m[35m (1.6ms)[0m  INSERT INTO `schema_migrations` (version) VALUES ('0')
  [1m[36mActiveRecord::SchemaMigration Load (0.2ms)[0m  [1mSELECT `schema_migrations`.* FROM `schema_migrations`[0m
  [1m[36m (17.6ms)[0m  [1mDROP DATABASE IF EXISTS `geeknews_development`[0m
  [1m[35m (0.3ms)[0m  DROP DATABASE IF EXISTS `geeknews_test`
  [1m[36m (0.1ms)[0m  [1mCREATE DATABASE `geeknews_development` DEFAULT CHARACTER SET `utf8` COLLATE `utf8_unicode_ci`[0m
  [1m[35m (0.1ms)[0m  CREATE DATABASE `geeknews_test` DEFAULT CHARACTER SET `utf8` COLLATE `utf8_unicode_ci`
  [1m[36m (23.5ms)[0m  [1mCREATE TABLE `schema_migrations` (`version` varchar(255) NOT NULL) ENGINE=InnoDB[0m
  [1m[35m (6.8ms)[0m  CREATE UNIQUE INDEX `unique_schema_migrations` ON `schema_migrations` (`version`) 
  [1m[36m (0.4ms)[0m  [1mSELECT version FROM `schema_migrations`[0m
  [1m[35m (2.0ms)[0m  INSERT INTO `schema_migrations` (version) VALUES ('0')
  [1m[36mActiveRecord::SchemaMigration Load (0.4ms)[0m  [1mSELECT `schema_migrations`.* FROM `schema_migrations`[0m
  [1m[36m (0.3ms)[0m  [1mDROP DATABASE IF EXISTS `geeknews_test`[0m
  [1m[35m (0.2ms)[0m  CREATE DATABASE `geeknews_test` DEFAULT CHARACTER SET `utf8` COLLATE `utf8_unicode_ci`
  [1m[36m (15.6ms)[0m  [1mCREATE TABLE `schema_migrations` (`version` varchar(255) NOT NULL) ENGINE=InnoDB[0m
  [1m[35m (4.6ms)[0m  CREATE UNIQUE INDEX `unique_schema_migrations` ON `schema_migrations` (`version`) 
  [1m[36m (0.1ms)[0m  [1mSELECT version FROM `schema_migrations`[0m
  [1m[35m (0.9ms)[0m  INSERT INTO `schema_migrations` (version) VALUES ('0')
